This is pdfTeXk, Version 3.141592-1.40.3 (Web2C 7.5.6) (format=pdflatex 2010.4.16)  24 SEP 2010 00:10
entering extended mode
 %&-line parsing enabled.
**Informe.tex
(./Informe.tex
LaTeX2e <2005/12/01>
Babel <v3.8h> and hyphenation patterns for english, usenglishmax, dumylang, noh
yphenation, croatian, ukrainian, russian, bulgarian, czech, slovak, danish, dut
ch, finnish, basque, french, german, ngerman, ibycus, greek, monogreek, ancient
greek, hungarian, italian, latin, mongolian, norsk, icelandic, interlingua, tur
kish, coptic, romanian, welsh, serbian, slovenian, estonian, esperanto, upperso
rbian, indonesian, polish, portuguese, spanish, catalan, galician, swedish, loa
ded.
(/usr/share/texmf-texlive/tex/latex/base/article.cls
Document Class: article 2005/09/16 v1.4f Standard LaTeX document class
(/usr/share/texmf-texlive/tex/latex/base/size11.clo
File: size11.clo 2005/09/16 v1.4f Standard LaTeX file (size option)
)
\c@part=\count79
\c@section=\count80
\c@subsection=\count81
\c@subsubsection=\count82
\c@paragraph=\count83
\c@subparagraph=\count84
\c@figure=\count85
\c@table=\count86
\abovecaptionskip=\skip41
\belowcaptionskip=\skip42
\bibindent=\dimen102
)
(/usr/share/texmf-texlive/tex/generic/babel/babel.sty
Package: babel 2005/11/23 v3.8h The Babel package

(/usr/share/texmf-texlive/tex/generic/babel/spanish.ldf
Language: spanish.ldf 2005/03/31 v4.2b Spanish support from the babel system

(/usr/share/texmf-texlive/tex/generic/babel/babel.def
File: babel.def 2005/11/23 v3.8h Babel common definitions
\babel@savecnt=\count87
\U@D=\dimen103
)
\es@quottoks=\toks14
\es@quotdepth=\count88
Package babel Info: Making . an active character on input line 509.
Package babel Info: Making " an active character on input line 540.
Package babel Info: Making < an active character on input line 641.
Package babel Info: Making > an active character on input line 642.
Package babel Info: Making ' an active character on input line 693.
)) (./caratula.sty
Package: caratula 2005/08/09 v0.4 Para componer caratulas de TPs del DC

(/usr/share/texmf-texlive/tex/latex/base/ifthen.sty
Package: ifthen 2001/05/26 v1.1c Standard LaTeX ifthen package (DPC)
)
(/usr/share/texmf-texlive/tex/latex/graphics/graphicx.sty
Package: graphicx 1999/02/16 v1.0f Enhanced LaTeX Graphics (DPC,SPQR)

(/usr/share/texmf-texlive/tex/latex/graphics/keyval.sty
Package: keyval 1999/03/16 v1.13 key=value parser (DPC)
\KV@toks@=\toks15
)
(/usr/share/texmf-texlive/tex/latex/graphics/graphics.sty
Package: graphics 2006/02/20 v1.0o Standard LaTeX Graphics (DPC,SPQR)

(/usr/share/texmf-texlive/tex/latex/graphics/trig.sty
Package: trig 1999/03/16 v1.09 sin cos tan (DPC)
)
(/etc/texmf/tex/latex/config/graphics.cfg
File: graphics.cfg 2007/01/18 v1.5 graphics configuration of teTeX/TeXLive
)
Package graphics Info: Driver file: pdftex.def on input line 90.

(/usr/share/texmf-texlive/tex/latex/pdftex-def/pdftex.def
File: pdftex.def 2007/01/08 v0.04d Graphics/color for pdfTeX
\Gread@gobject=\count89
))
\Gin@req@height=\dimen104
\Gin@req@width=\dimen105
)
Cargando package 'caratula' v0.4 (2006/09/29)
\intlist=\toks16
\intlistSinLU=\toks17
\c@integrantesCount=\count90
\intTabNombre=\toks18
\intTabLU=\toks19
\intTabEmail=\toks20
\c@directoresCount=\count91
\direcTabNombre=\toks21
\direcTabEmail=\toks22
) (/usr/share/texmf-texlive/tex/latex/amsfonts/amsfonts.sty
Package: amsfonts 2001/10/25 v2.2f
\@emptytoks=\toks23
\symAMSa=\mathgroup4
\symAMSb=\mathgroup5
LaTeX Font Info:    Overwriting math alphabet `\mathfrak' in version `bold'
(Font)                  U/euf/m/n --> U/euf/b/n on input line 132.
)
(/usr/share/texmf-texlive/tex/latex/graphics/color.sty
Package: color 2005/11/14 v1.0j Standard LaTeX Color (DPC)

(/etc/texmf/tex/latex/config/color.cfg
File: color.cfg 2007/01/18 v1.5 color configuration of teTeX/TeXLive
)
Package color Info: Driver file: pdftex.def on input line 130.
)
(/usr/share/texmf-texlive/tex/latex/float/float.sty
Package: float 2001/11/08 v1.3d Float enhancements (AL)
\c@float@type=\count92
\float@exts=\toks24
\float@box=\box26
\@float@everytoks=\toks25
\@floatcapt=\box27
)
(/usr/share/texmf-texlive/tex/latex/ucs/ucs.sty
Package: ucs 2004/10/17 UCS: Unicode input support

(/usr/share/texmf-texlive/tex/latex/ucs/data/uni-global.def
File: uni-global.def 2004/10/17 UCS: Unicode global data
)
\uc@secondtry=\count93
\uc@combtoks=\toks26
\uc@combtoksb=\toks27
\uc@temptokena=\toks28
)
(/usr/share/texmf-texlive/tex/latex/base/inputenc.sty
Package: inputenc 2006/05/05 v1.1b Input encoding file
\inpenc@prehook=\toks29
\inpenc@posthook=\toks30

(/usr/share/texmf-texlive/tex/latex/ucs/utf8x.def
File: utf8x.def 2004/10/17 UCS: Input encoding UTF-8
))
(/usr/share/texmf-texlive/tex/latex/base/fontenc.sty
Package: fontenc 2005/09/27 v1.99g Standard LaTeX package
)
(/usr/share/texmf-texlive/tex/latex/listings/listings.sty
\lst@mode=\count94
\lst@gtempboxa=\box28
\lst@token=\toks31
\lst@length=\count95
\lst@currlwidth=\dimen106
\lst@column=\count96
\lst@pos=\count97
\lst@lostspace=\dimen107
\lst@width=\dimen108
\lst@newlines=\count98
\lst@lineno=\count99
\c@lstlisting=\count100
\lst@maxwidth=\dimen109

(/usr/share/texmf-texlive/tex/latex/listings/lstpatch.sty
File: lstpatch.sty 2004/10/17 1.3b (Carsten Heinz)
)
(/usr/share/texmf-texlive/tex/latex/listings/lstmisc.sty
File: lstmisc.sty 2004/09/07 1.3 (Carsten Heinz)
\c@lstnumber=\count101
\lst@skipnumbers=\count102
\lst@framebox=\box29
)
(/usr/share/texmf-texlive/tex/latex/listings/listings.cfg
File: listings.cfg 2004/09/05 1.3 listings configuration
))
Package: listings 2004/10/17 1.3b (Carsten Heinz)

(/usr/share/texmf-texlive/tex/latex/amsfonts/amssymb.sty
Package: amssymb 2002/01/22 v2.2d
)
(/usr/share/texmf-texlive/tex/latex/slashbox/slashbox.sty
slashbox style by K.Yasuoka, May 1993.
\@slashboxa=\box30
\@slashboxb=\box31
\@slashboxc=\box32
\@slashboxwd=\count103
\@slashboxht=\count104
\@slashsepl=\dimen110
\@slashsepr=\dimen111
) (/usr/share/texmf-texlive/tex/latex/ltxmisc/url.sty
\Urlmuskip=\muskip10
Package: url 2005/06/27  ver 3.2  Verb mode for urls, etc.
)
(/usr/share/texmf-texlive/tex/latex/geometry/geometry.sty
Package: geometry 2002/07/08 v3.2 Page Geometry
\Gm@cnth=\count105
\Gm@cntv=\count106
\c@Gm@tempcnt=\count107
\Gm@bindingoffset=\dimen112
\Gm@wd@mp=\dimen113
\Gm@odd@mp=\dimen114
\Gm@even@mp=\dimen115
\Gm@dimlist=\toks32
)
(/usr/share/texmf-texlive/tex/latex/hyperref/hyperref.sty
Package: hyperref 2007/02/07 v6.75r Hypertext links for LaTeX
\@linkdim=\dimen116
\Hy@linkcounter=\count108
\Hy@pagecounter=\count109

(/usr/share/texmf-texlive/tex/latex/hyperref/pd1enc.def
File: pd1enc.def 2007/02/07 v6.75r Hyperref: PDFDocEncoding definition (HO)
)
(/etc/texmf/tex/latex/config/hyperref.cfg
File: hyperref.cfg 2002/06/06 v1.2 hyperref configuration of TeXLive
)
(/usr/share/texmf-texlive/tex/latex/oberdiek/kvoptions.sty
Package: kvoptions 2006/08/22 v2.4 Connects package keyval with LaTeX options (
HO)
)
Package hyperref Info: Option `bookmarks' set `true' on input line 2238.
Package hyperref Info: Hyper figures OFF on input line 2288.
Package hyperref Info: Link nesting OFF on input line 2293.
Package hyperref Info: Hyper index ON on input line 2296.
Package hyperref Info: Plain pages OFF on input line 2303.
Package hyperref Info: Backreferencing OFF on input line 2308.

Implicit mode ON; LaTeX internals redefined
Package hyperref Info: Bookmarks ON on input line 2444.
LaTeX Info: Redefining \url on input line 2599.
\Fld@menulength=\count110
\Field@Width=\dimen117
\Fld@charsize=\dimen118
\Choice@toks=\toks33
\Field@toks=\toks34
Package hyperref Info: Hyper figures OFF on input line 3102.
Package hyperref Info: Link nesting OFF on input line 3107.
Package hyperref Info: Hyper index ON on input line 3110.
Package hyperref Info: backreferencing OFF on input line 3117.
Package hyperref Info: Link coloring OFF on input line 3122.
\Hy@abspage=\count111
\c@Item=\count112
\c@Hfootnote=\count113
)
*hyperref using default driver hpdftex*
(/usr/share/texmf-texlive/tex/latex/hyperref/hpdftex.def
File: hpdftex.def 2007/02/07 v6.75r Hyperref driver for pdfTeX
\Fld@listcount=\count114
) (./ulem.sty
\UL@box=\box33
\UL@hyphenbox=\box34
\UL@skip=\skip43
\UL@hook=\toks35
\UL@pe=\count115
\UL@pixel=\dimen119
\ULC@box=\box35
Package: ulem 2010/01/21
\ULdepth=\dimen120
)
(./Informe.aux)
\openout1 = `Informe.aux'.

LaTeX Font Info:    Checking defaults for OML/cmm/m/it on input line 29.
LaTeX Font Info:    ... okay on input line 29.
LaTeX Font Info:    Checking defaults for T1/cmr/m/n on input line 29.
LaTeX Font Info:    ... okay on input line 29.
LaTeX Font Info:    Checking defaults for OT1/cmr/m/n on input line 29.
LaTeX Font Info:    ... okay on input line 29.
LaTeX Font Info:    Checking defaults for OMS/cmsy/m/n on input line 29.
LaTeX Font Info:    ... okay on input line 29.
LaTeX Font Info:    Checking defaults for OMX/cmex/m/n on input line 29.
LaTeX Font Info:    ... okay on input line 29.
LaTeX Font Info:    Checking defaults for U/cmr/m/n on input line 29.
LaTeX Font Info:    ... okay on input line 29.
LaTeX Font Info:    Checking defaults for PD1/pdf/m/n on input line 29.
LaTeX Font Info:    ... okay on input line 29.
 (/usr/share/texmf-texlive/tex/latex/ucs/ucsencs.def
File: ucsencs.def 2003/11/29 Fixes to fontencodings LGR, T3
)
-------------------- Geometry parameters
paper: a4paper
landscape: --
twocolumn: --
twoside: --
asymmetric: --
h-parts: 56.9055pt, 483.69687pt, 56.9055pt
v-parts: 56.9055pt, 731.23584pt, 56.9055pt
hmarginratio: --
vmarginratio: --
lines: --
heightrounded: --
bindingoffset: 0.0pt
truedimen: --
includehead: --
includefoot: --
includemp: --
driver: pdftex
-------------------- Page layout dimensions and switches
\paperwidth  597.50787pt
\paperheight 845.04684pt
\textwidth  455.30121pt
\textheight 686.56499pt
\oddsidemargin  0.0pt
\evensidemargin 0.0pt
\topmargin  -28.90755pt
\headheight 0.0pt
\headsep    25.0pt
\footskip   30.0pt
\marginparwidth 50.0pt
\marginparsep   10.0pt
\columnsep  10.0pt
\skip\footins  10.0pt plus 4.0pt minus 2.0pt
\hoffset 0.0pt
\voffset 0.0pt
\mag 1000

(1in=72.27pt, 1cm=28.45pt)
-----------------------
Package hyperref Info: Link coloring OFF on input line 29.

(/usr/share/texmf-texlive/tex/latex/hyperref/nameref.sty
Package: nameref 2006/12/27 v2.28 Cross-referencing by name of section

(/usr/share/texmf-texlive/tex/latex/oberdiek/refcount.sty
Package: refcount 2006/02/20 v3.0 Data extraction from references (HO)
)
\c@section@level=\count116
)
LaTeX Info: Redefining \ref on input line 29.
LaTeX Info: Redefining \pageref on input line 29.
 (./Informe.out)
(./Informe.out)
\@outlinefile=\write3
\openout3 = `Informe.out'.

 (./caratula.tex <logo_dc.jpg, id=23, 215.6055pt x 83.5923pt>
File: logo_dc.jpg Graphic file (type jpg)

<use logo_dc.jpg>
Underfull \hbox (badness 10000) in paragraph at lines 13--13

 []

LaTeX Font Info:    Try loading font information for U+msa on input line 13.
(/usr/share/texmf-texlive/tex/latex/amsfonts/umsa.fd
File: umsa.fd 2002/01/19 v2.2g AMS font definitions
)
LaTeX Font Info:    Try loading font information for U+msb on input line 13.

(/usr/share/texmf-texlive/tex/latex/amsfonts/umsb.fd
File: umsb.fd 2002/01/19 v2.2g AMS font definitions
)
<logo_uba.jpg, id=24, 225.4824pt x 231.7458pt>
File: logo_uba.jpg Graphic file (type jpg)
 <use logo_uba.jpg>
Underfull \hbox (badness 10000) in paragraph at lines 13--13

 []

[1

{/var/lib/texmf/fonts/map/pdftex/updmap/pdftex.map} <./logo_dc.jpg> <./logo_uba
.jpg>]) (./Informe.toc)
\tf@toc=\write4
\openout4 = `Informe.toc'.

 [2] (./der.tex
(/usr/share/texmf-texlive/tex/latex/ucs/data/uni-0.def
File: uni-0.def 2004/10/17 UCS: Unicode data U+0000..U+00FF
)) [3] (./relacional.tex
Underfull \hbox (badness 10000) in paragraph at lines 1--2

 []

LaTeX Font Info:    Try loading font information for OMS+cmr on input line 10.
(/usr/share/texmf-texlive/tex/latex/base/omscmr.fd
File: omscmr.fd 1999/05/25 v2.5h Standard LaTeX font definitions
)
LaTeX Font Info:    Font shape `OMS/cmr/m/n' in size <10.95> not available
(Font)              Font shape `OMS/cmsy/m/n' tried instead on input line 10.

Underfull \hbox (badness 10000) in paragraph at lines 16--18

 []


Underfull \hbox (badness 10000) in paragraph at lines 33--35

 []


Underfull \hbox (badness 10000) in paragraph at lines 47--49

 []


Underfull \hbox (badness 10000) in paragraph at lines 62--64

 []

[4]
Underfull \hbox (badness 10000) in paragraph at lines 76--78

 []


Underfull \hbox (badness 10000) in paragraph at lines 90--92

 []


Underfull \hbox (badness 10000) in paragraph at lines 105--107

 []


Underfull \hbox (badness 10000) in paragraph at lines 121--123

 []

[5]
Underfull \hbox (badness 10000) in paragraph at lines 136--138

 []


Underfull \hbox (badness 10000) in paragraph at lines 150--152

 []


Underfull \hbox (badness 10000) in paragraph at lines 166--168

 []


Underfull \hbox (badness 10000) in paragraph at lines 182--184

 []

[6]
Underfull \hbox (badness 10000) in paragraph at lines 198--200

 []


Underfull \hbox (badness 10000) in paragraph at lines 213--215

 []


Overfull \hbox (16.4071pt too wide) in paragraph at lines 228--230
[]\OT1/cmr/m/n/10.95 MOVIMIENTO.idMovimiento pue-de no es-tar en DE-CLA-RA-CIO-
NES.idMovimiento. 
 []


Underfull \hbox (badness 10000) in paragraph at lines 228--230

 []


Underfull \hbox (badness 10000) in paragraph at lines 240--242

 []

) [7] (./fisico.tex) [8] (./store.tex [9] [10]
Overfull \hbox (85.07544pt too wide) in paragraph at lines 165--165
[]\OT1/cmtt/m/n/10.95 INSERT INTO auditoria_concurso(tipo, new_id_camara, new_i
d_concurso,new_fecha, usuario, fecha)[] 
 []


Overfull \hbox (79.32675pt too wide) in paragraph at lines 165--165
[]\OT1/cmtt/m/n/10.95 INSERT INTO auditoria_concurso(tipo, old_id_camara, old_i
d_concurso,old_fecha,usuario, fecha)[] 
 []


Overfull \hbox (315.02295pt too wide) in paragraph at lines 165--165
[]\OT1/cmtt/m/n/10.95 INSERT INTO auditoria_concurso(tipo, new_id_camara, new_i
d_concurso,old_id_camara,old_id_concurso, old_fecha,new_fecha,usuario, fecha)[]
 
 []

[11]
Overfull \hbox (136.81363pt too wide) in paragraph at lines 165--165
[]\OT1/cmtt/m/n/10.95 VALUES ('Upd',NEW.id_camara, NEW.id,OLD.id_camara, OLD.id
,OLD.fecha, NEW.fecha, CURRENT_USER(), NOW());[] 
 []


Overfull \hbox (533.47308pt too wide) in paragraph at lines 165--165
[]\OT1/cmtt/m/n/10.95 INSERT INTO auditoria_inscripcion(tipo, new_id, new_orden
_merito, new_nombre_universidad, new_promedio, new_fecha_titulo, new_id_concurs
o, new_cuil_abogado, usuario, fecha)[] 
 []


Overfull \hbox (435.74539pt too wide) in paragraph at lines 165--165
[]\OT1/cmtt/m/n/10.95 VALUES ('Ins',NEW.id, NEW.orden_merito, NEW.nombre_univer
sidad, NEW.promedio, NEW.fecha_titulo, NEW.id_concurso, NEW.cuil_abogado, CURRE
NT_USER() , NOW());[] 
 []


Overfull \hbox (533.47308pt too wide) in paragraph at lines 165--165
[]\OT1/cmtt/m/n/10.95 INSERT INTO auditoria_inscripcion(tipo, old_id, old_orden
_merito, old_nombre_universidad, old_promedio, old_fecha_titulo, old_id_concurs
o, old_cuil_abogado, usuario, fecha)[] 
 []


Overfull \hbox (435.74539pt too wide) in paragraph at lines 165--165
[]\OT1/cmtt/m/n/10.95 VALUES ('Del',OLD.id, OLD.orden_merito, OLD.nombre_univer
sidad, OLD.promedio, OLD.fecha_titulo, OLD.id_concurso, OLD.cuil_abogado, CURRE
NT_USER() , NOW());[] 
 []


Overfull \hbox (1200.32086pt too wide) in paragraph at lines 165--165
[]\OT1/cmtt/m/n/10.95 INSERT INTO auditoria_inscripcion(tipo, old_id, old_orden
_merito, old_nombre_universidad, old_promedio, old_fecha_titulo, old_id_concurs
o, old_cuil_abogado,new_id, new_orden_merito, new_nombre_universidad, new_prome
dio, new_fecha_titulo, new_id_concurso, new_cuil_abogado, usuario, fecha)[] 
 []


Overfull \hbox (1102.59317pt too wide) in paragraph at lines 165--165
[]\OT1/cmtt/m/n/10.95 VALUES ('Upd',OLD.id, OLD.orden_merito, OLD.nombre_univer
sidad, OLD.promedio, OLD.fecha_titulo, OLD.id_concurso, OLD.cuil_abogado,NEW.id
, NEW.orden_merito, NEW.nombre_universidad, NEW.promedio, NEW.fecha_titulo, NEW
.id_concurso, NEW.cuil_abogado, CURRENT_USER() , NOW());[] 
 []

) [12] (./Informe.aux) ) 
Here is how much of TeX's memory you used:
 6262 strings out of 94101
 83387 string characters out of 1165810
 154789 words of memory out of 1500000
 9425 multiletter control sequences out of 10000+50000
 10688 words of font info for 41 fonts, out of 1200000 for 2000
 637 hyphenation exceptions out of 8191
 32i,8n,36p,628b,551s stack positions out of 5000i,500n,6000p,200000b,5000s
</usr/share/texmf-texlive/fonts/type1/bluesky/cm/cmbx10
.pfb></usr/share/texmf-texlive/fonts/type1/bluesky/cm/cmbx12.pfb></usr/share/te
xmf-texlive/fonts/type1/bluesky/cm/cmr10.pfb></usr/share/texmf-texlive/fonts/ty
pe1/bluesky/cm/cmr12.pfb></usr/share/texmf-texlive/fonts/type1/bluesky/cm/cmr8.
pfb></usr/share/texmf-texlive/fonts/type1/bluesky/cm/cmss10.pfb></usr/share/tex
mf-texlive/fonts/type1/bluesky/cm/cmssbx10.pfb></usr/share/texmf-texlive/fonts/
type1/bluesky/cm/cmsy10.pfb></usr/share/texmf-texlive/fonts/type1/bluesky/cm/cm
tt10.pfb>
Output written on Informe.pdf (12 pages, 456114 bytes).
PDF statistics:
 124 PDF objects out of 1000 (max. 8388607)
 18 named destinations out of 1000 (max. 131072)
 59 words of extra memory for PDF output out of 10000 (max. 10000000)

