This is pdfTeXk, Version 3.141592-1.40.3 (Web2C 7.5.6) (format=pdflatex 2009.9.16)  15 OCT 2009 11:18
entering extended mode
 %&-line parsing enabled.
**Informe.tex
(./Informe.tex
LaTeX2e <2005/12/01>
Babel <v3.8h> and hyphenation patterns for english, usenglishmax, dumylang, noh
yphenation, ukrainian, russian, bulgarian, loaded.
(/usr/share/texmf-texlive/tex/latex/base/article.cls
Document Class: article 2005/09/16 v1.4f Standard LaTeX document class
(/usr/share/texmf-texlive/tex/latex/base/size12.clo
File: size12.clo 2005/09/16 v1.4f Standard LaTeX file (size option)
)
\c@part=\count79
\c@section=\count80
\c@subsection=\count81
\c@subsubsection=\count82
\c@paragraph=\count83
\c@subparagraph=\count84
\c@figure=\count85
\c@table=\count86
\abovecaptionskip=\skip41
\belowcaptionskip=\skip42
\bibindent=\dimen102
)
(/usr/share/texmf-texlive/tex/latex/graphics/graphicx.sty
Package: graphicx 1999/02/16 v1.0f Enhanced LaTeX Graphics (DPC,SPQR)

(/usr/share/texmf-texlive/tex/latex/graphics/keyval.sty
Package: keyval 1999/03/16 v1.13 key=value parser (DPC)
\KV@toks@=\toks14
)
(/usr/share/texmf-texlive/tex/latex/graphics/graphics.sty
Package: graphics 2006/02/20 v1.0o Standard LaTeX Graphics (DPC,SPQR)

(/usr/share/texmf-texlive/tex/latex/graphics/trig.sty
Package: trig 1999/03/16 v1.09 sin cos tan (DPC)
)
(/etc/texmf/tex/latex/config/graphics.cfg
File: graphics.cfg 2007/01/18 v1.5 graphics configuration of teTeX/TeXLive
)
Package graphics Info: Driver file: pdftex.def on input line 90.

(/usr/share/texmf-texlive/tex/latex/pdftex-def/pdftex.def
File: pdftex.def 2007/01/08 v0.04d Graphics/color for pdfTeX
\Gread@gobject=\count87
))
\Gin@req@height=\dimen103
\Gin@req@width=\dimen104
)
(/usr/share/texmf-texlive/tex/latex/tools/verbatim.sty
Package: verbatim 2003/08/22 v1.5q LaTeX2e package for verbatim enhancements
\every@verbatim=\toks15
\verbatim@line=\toks16
\verbatim@in@stream=\read1
) (./Informe.aux)
\openout1 = `Informe.aux'.

LaTeX Font Info:    Checking defaults for OML/cmm/m/it on input line 6.
LaTeX Font Info:    ... okay on input line 6.
LaTeX Font Info:    Checking defaults for T1/cmr/m/n on input line 6.
LaTeX Font Info:    ... okay on input line 6.
LaTeX Font Info:    Checking defaults for OT1/cmr/m/n on input line 6.
LaTeX Font Info:    ... okay on input line 6.
LaTeX Font Info:    Checking defaults for OMS/cmsy/m/n on input line 6.
LaTeX Font Info:    ... okay on input line 6.
LaTeX Font Info:    Checking defaults for OMX/cmex/m/n on input line 6.
LaTeX Font Info:    ... okay on input line 6.
LaTeX Font Info:    Checking defaults for U/cmr/m/n on input line 6.
LaTeX Font Info:    ... okay on input line 6.

(/usr/share/texmf/tex/context/base/supp-pdf.tex
[Loading MPS to PDF converter (version 2006.09.02).]
\scratchcounter=\count88
\scratchdimen=\dimen105
\scratchbox=\box26
\nofMPsegments=\count89
\nofMParguments=\count90
\everyMPshowfont=\toks17
\MPscratchCnt=\count91
\MPscratchDim=\dimen106
\MPnumerator=\count92
\everyMPtoPDFconversion=\toks18
) [1

{/var/lib/texmf/fonts/map/pdftex/updmap/pdftex.map}] [2]
LaTeX Font Info:    External font `cmex10' loaded for size
(Font)              <12> on input line 36.
LaTeX Font Info:    External font `cmex10' loaded for size
(Font)              <8> on input line 36.
LaTeX Font Info:    External font `cmex10' loaded for size
(Font)              <6> on input line 36.

Overfull \hbox (214.86942pt too wide) in paragraph at lines 36--37
[]$\OML/cmm/m/it/12 matchingMaximo\OT1/cmr/m/n/12 (\OML/cmm/m/it/12 v[]; v[]; :
:; v[]\OT1/cmr/m/n/12 ) = \OML/cmm/m/it/12 maximo\OT1/cmr/m/n/12 (\OML/cmm/m/it
/12 matchingMaximo\OT1/cmr/m/n/12 (\OML/cmm/m/it/12 v[]; v[]; ::; v[]\OT1/cmr/m
/n/12 )\OML/cmm/m/it/12 ; matchingMaximo\OT1/cmr/m/n/12 (\OML/cmm/m/it/12 v[]; 
v[]; ::; v[]\OT1/cmr/m/n/12 ) +
 []

[3]
LaTeX Font Info:    Try loading font information for OMS+cmr on input line 55.
 (/usr/share/texmf-texlive/tex/latex/base/omscmr.fd
File: omscmr.fd 1999/05/25 v2.5h Standard LaTeX font definitions
)
LaTeX Font Info:    Font shape `OMS/cmr/m/n' in size <12> not available
(Font)              Font shape `OMS/cmsy/m/n' tried instead on input line 55.
 [4] [5]
Missing character: There is no Ã in font cmr12!
Missing character: There is no ¡ in font cmr12!
 [6] [7]
(./Informe.aux) ) 
Here is how much of TeX's memory you used:
 931 strings out of 94834
 11646 string characters out of 1179181
 59946 words of memory out of 1500000
 4157 multiletter control sequences out of 10000+50000
 8103 words of font info for 29 fonts, out of 1200000 for 2000
 212 hyphenation exceptions out of 8191
 25i,5n,19p,931b,176s stack positions out of 5000i,500n,6000p,200000b,5000s
</usr/share/texmf-texlive/fonts/type1/bluesky/cm/cmbx12.pfb></
usr/share/texmf-texlive/fonts/type1/bluesky/cm/cmmi12.pfb></usr/share/texmf-tex
live/fonts/type1/bluesky/cm/cmmi8.pfb></usr/share/texmf-texlive/fonts/type1/blu
esky/cm/cmr12.pfb></usr/share/texmf-texlive/fonts/type1/bluesky/cm/cmr8.pfb></u
sr/share/texmf-texlive/fonts/type1/bluesky/cm/cmsy10.pfb></usr/share/texmf-texl
ive/fonts/type1/bluesky/cm/cmsy8.pfb></usr/share/texmf-texlive/fonts/type1/blue
sky/cm/cmti12.pfb></usr/share/texmf-texlive/fonts/type1/bluesky/cm/cmtt12.pfb>
Output written on Informe.pdf (7 pages, 59115 bytes).
PDF statistics:
 62 PDF objects out of 1000 (max. 8388607)
 0 named destinations out of 1000 (max. 131072)
 1 words of extra memory for PDF output out of 10000 (max. 10000000)

