60603
56108
59734
61873
64114
67125
69510
72382
75100
78282
80510
83496
85918
89029
93102
97781
97102
99408
102222
104901
107497
110713
112875
115938
118523
120996
124761
126358
129399
132306
135716
137380
140431
142254
145612
148708
150723
153962
156197
158548
161456
164249
167213
170211
172708
175677
177805
181596
183436
186133
188648
191417
194096
196523
199223
202502
204967
207296
210294
213414
215904
226067
220630
223249
226055
229167
232091
234975
236925
276570
242386
245366
247958
251191
290426
255841
258929
261037
278464
284341
269400
271694
275990
314397
281104
282356
285591
288717
291385
293918
296536
335753
301517
304356
307588
346126
311718
314608
318093
321342
323544
326057
365586
330643
333688
336857
339894
341654
344498
384081
349521
352441
355263
357977
360922
363399
402819
368911
370406
410227
375630
379549
387984
385102
387393
390229
393287
395328
434476
412768
404318
407401
409980
411616
414663
417127
420931
423129
426312
428320
431094
433575
436719
438998
441841
443885
447900
449822
452732
454966
458382
460777
463607
466284
468781
471825
474122
476952
479903
481706
484567
488589
491133
493971
495858
498274
501150
503439
506271
509238
511766
515993
517803
520212
522371
525472
527588
530432
532986
537221
539138
542352
544607
546159
549281
552678
560845
559236
560636
562594
565506
568792
570820
573668
576174
579289
582017
584388
587233
589858
592819
595429
597972
602050
603527
606035
608834
611441
613727
616695
619437
622520
624699
627924
629468
633569
635381
638019
640827
644526
646542
649280
652766
653972
657202
660417
665403
666591
671461
670375
673882
676745
678367
681430
689705
687645
689842
692500
694849
698277
700268
703142
705142
709057
711600
714978
716097
719201
721292
724611
727995
730383
732380
735801
736951
740014
743332
746871
748704
752610
754660
757613
760366
761277
764636
768783
770599
775754
776020
780694
781464
783447
786245
788321
791729
800449
797735
800540
802505
805046
810511
823911
835335
837844
819855
823819
826388
828368
830647
834215
835752
839708
841628
844995
848410
850542
852720
855404
857386
860842
864105
867370
869107
871867
874149
878038
879550
882265
885242
887323
895061
894222
894813
899073
901171
903998
906591
909988
912013
915063
917311
920634
923331
925994
928368
931205
934854
935973
939313
941331
944844
947818
950906
952841
956059
958136
960592
963300
966840
969259
971487
973902
983904
979972
982954
986867
988337
990230
993439
994731
998355
1.00111e+06
1.00386e+06
1.00842e+06
1.00951e+06
1.01283e+06
1.01547e+06
1.01792e+06
1.02144e+06
1.02299e+06
1.02723e+06
1.02833e+06
1.03125e+06
1.03393e+06
1.0364e+06
1.03978e+06
1.04202e+06
1.04461e+06
1.0477e+06
1.05127e+06
1.05311e+06
1.05594e+06
1.06421e+06
1.06203e+06
1.06313e+06
1.06653e+06
1.07052e+06
1.07088e+06
1.07515e+06
1.07653e+06
1.08034e+06
1.08296e+06
1.08513e+06
1.08867e+06
1.09065e+06
1.09357e+06
1.0967e+06
1.09892e+06
1.10153e+06
1.10431e+06
1.10702e+06
1.10908e+06
1.11254e+06
1.11444e+06
1.11717e+06
1.12074e+06
1.12321e+06
1.12537e+06
1.12746e+06
1.13661e+06
1.13437e+06
1.13617e+06
1.13908e+06
1.14165e+06
1.14585e+06
1.14825e+06
1.1498e+06
1.15278e+06
1.1553e+06
1.15841e+06
1.16068e+06
1.17026e+06
1.17198e+06
1.16874e+06
1.17198e+06
1.17486e+06
1.17715e+06
1.17894e+06
1.18232e+06
1.18458e+06
1.18793e+06
1.18991e+06
1.19456e+06
1.1967e+06
1.19862e+06
1.20649e+06
1.20374e+06
1.20594e+06
1.20922e+06
1.21123e+06
1.2153e+06
1.21622e+06
1.21934e+06
1.22254e+06
1.22501e+06
1.22758e+06
1.23288e+06
1.23405e+06
1.23682e+06
1.23879e+06
1.24239e+06
1.24428e+06
1.24643e+06
1.25022e+06
1.25135e+06
1.25483e+06
1.25857e+06
1.26054e+06
1.26414e+06
1.27194e+06
1.26854e+06
1.2701e+06
1.27465e+06
1.27589e+06
1.27987e+06
1.28079e+06
1.28474e+06
1.28756e+06
1.29003e+06
1.29373e+06
1.29575e+06
1.29897e+06
1.30154e+06
1.30395e+06
1.3061e+06
1.30879e+06
1.31108e+06
1.31509e+06
1.31728e+06
1.32031e+06
1.3224e+06
1.32512e+06
1.3337e+06
1.33094e+06
1.33403e+06
1.33576e+06
1.33965e+06
1.34232e+06
1.34497e+06
1.34574e+06
1.35115e+06
1.35189e+06
1.35631e+06
1.35732e+06
1.36067e+06
1.36271e+06
1.36652e+06
1.36826e+06
1.37215e+06
1.3753e+06
1.37604e+06
1.37924e+06
1.38112e+06
1.38439e+06
1.39348e+06
1.38962e+06
1.39339e+06
1.39495e+06
1.39766e+06
1.4034e+06
