This is pdfTeXk, Version 3.141592-1.40.3 (Web2C 7.5.6) (format=pdflatex 2009.10.17)  17 OCT 2009 23:39
entering extended mode
 %&-line parsing enabled.
**Informe.tex
(./Informe.tex
LaTeX2e <2005/12/01>
Babel <v3.8h> and hyphenation patterns for english, usenglishmax, dumylang, noh
yphenation, ukrainian, russian, bulgarian, latin, loaded.
(/usr/share/texmf-texlive/tex/latex/base/article.cls
Document Class: article 2005/09/16 v1.4f Standard LaTeX document class
(/usr/share/texmf-texlive/tex/latex/base/size12.clo
File: size12.clo 2005/09/16 v1.4f Standard LaTeX file (size option)
)
\c@part=\count79
\c@section=\count80
\c@subsection=\count81
\c@subsubsection=\count82
\c@paragraph=\count83
\c@subparagraph=\count84
\c@figure=\count85
\c@table=\count86
\abovecaptionskip=\skip41
\belowcaptionskip=\skip42
\bibindent=\dimen102
)
(/usr/share/texmf-texlive/tex/latex/graphics/graphicx.sty
Package: graphicx 1999/02/16 v1.0f Enhanced LaTeX Graphics (DPC,SPQR)

(/usr/share/texmf-texlive/tex/latex/graphics/keyval.sty
Package: keyval 1999/03/16 v1.13 key=value parser (DPC)
\KV@toks@=\toks14
)
(/usr/share/texmf-texlive/tex/latex/graphics/graphics.sty
Package: graphics 2006/02/20 v1.0o Standard LaTeX Graphics (DPC,SPQR)

(/usr/share/texmf-texlive/tex/latex/graphics/trig.sty
Package: trig 1999/03/16 v1.09 sin cos tan (DPC)
)
(/etc/texmf/tex/latex/config/graphics.cfg
File: graphics.cfg 2007/01/18 v1.5 graphics configuration of teTeX/TeXLive
)
Package graphics Info: Driver file: pdftex.def on input line 90.

(/usr/share/texmf-texlive/tex/latex/pdftex-def/pdftex.def
File: pdftex.def 2007/01/08 v0.04d Graphics/color for pdfTeX
\Gread@gobject=\count87
))
\Gin@req@height=\dimen103
\Gin@req@width=\dimen104
)
(/usr/share/texmf-texlive/tex/latex/tools/verbatim.sty
Package: verbatim 2003/08/22 v1.5q LaTeX2e package for verbatim enhancements
\every@verbatim=\toks15
\verbatim@line=\toks16
\verbatim@in@stream=\read1
) (./Informe.aux)
\openout1 = `Informe.aux'.

LaTeX Font Info:    Checking defaults for OML/cmm/m/it on input line 6.
LaTeX Font Info:    ... okay on input line 6.
LaTeX Font Info:    Checking defaults for T1/cmr/m/n on input line 6.
LaTeX Font Info:    ... okay on input line 6.
LaTeX Font Info:    Checking defaults for OT1/cmr/m/n on input line 6.
LaTeX Font Info:    ... okay on input line 6.
LaTeX Font Info:    Checking defaults for OMS/cmsy/m/n on input line 6.
LaTeX Font Info:    ... okay on input line 6.
LaTeX Font Info:    Checking defaults for OMX/cmex/m/n on input line 6.
LaTeX Font Info:    ... okay on input line 6.
LaTeX Font Info:    Checking defaults for U/cmr/m/n on input line 6.
LaTeX Font Info:    ... okay on input line 6.

(/usr/share/texmf/tex/context/base/supp-pdf.tex
[Loading MPS to PDF converter (version 2006.09.02).]
\scratchcounter=\count88
\scratchdimen=\dimen105
\scratchbox=\box26
\nofMPsegments=\count89
\nofMParguments=\count90
\everyMPshowfont=\toks17
\MPscratchCnt=\count91
\MPscratchDim=\dimen106
\MPnumerator=\count92
\everyMPtoPDFconversion=\toks18
) [1

{/var/lib/texmf/fonts/map/pdftex/updmap/pdftex.map}]
LaTeX Font Info:    External font `cmex10' loaded for size
(Font)              <12> on input line 31.
LaTeX Font Info:    External font `cmex10' loaded for size
(Font)              <8> on input line 31.
LaTeX Font Info:    External font `cmex10' loaded for size
(Font)              <6> on input line 31.

Overfull \hbox (214.86942pt too wide) in paragraph at lines 31--32
[]$\OML/cmm/m/it/12 matchingMaximo\OT1/cmr/m/n/12 (\OML/cmm/m/it/12 v[]; v[]; :
:; v[]\OT1/cmr/m/n/12 ) = \OML/cmm/m/it/12 maximo\OT1/cmr/m/n/12 (\OML/cmm/m/it
/12 matchingMaximo\OT1/cmr/m/n/12 (\OML/cmm/m/it/12 v[]; v[]; ::; v[]\OT1/cmr/m
/n/12 )\OML/cmm/m/it/12 ; matchingMaximo\OT1/cmr/m/n/12 (\OML/cmm/m/it/12 v[]; 
v[]; ::; v[]\OT1/cmr/m/n/12 ) +
 []

[2]
Overfull \hbox (60.77522pt too wide) in paragraph at lines 47--47
[]   \OT1/cmtt/m/n/12 res := max(matchingSobreVector(G-u-v-w) + v, matchingSobr
eVector(G-v))[] 
 []


Overfull \hbox (79.30023pt too wide) in paragraph at lines 62--62
[]         \OT1/cmtt/m/n/12 max( peso_maximo_hasta_i-2 + peso_arista[i], peso_m
aximo_hasta_i-1)[] 
 []

[3] <imagenes/paso1y2.png, id=19, 1606.0pt x 1505.625pt>
File: imagenes/paso1y2.png Graphic file (type png)

<use imagenes/paso1y2.png>
<imagenes/pasosFinales.png, id=20, 1606.0pt x 1706.375pt>
File: imagenes/pasosFinales.png Graphic file (type png)

<use imagenes/pasosFinales.png> [4 <./imagenes/paso1y2.png>] [5 <./imagenes/pas
osFinales.png (PNG copy)>]
LaTeX Font Info:    Try loading font information for OMS+cmr on input line 114.

 (/usr/share/texmf-texlive/tex/latex/base/omscmr.fd
File: omscmr.fd 1999/05/25 v2.5h Standard LaTeX font definitions
)
LaTeX Font Info:    Font shape `OMS/cmr/m/n' in size <12> not available
(Font)              Font shape `OMS/cmsy/m/n' tried instead on input line 114.

[6] [7] [8]
Missing character: There is no Ã in font cmr12!
Missing character: There is no ¡ in font cmr12!
 [9] [10]
Overfull \hbox (10.40973pt too wide) in paragraph at lines 206--207
[]\OT1/cmr/m/n/12 Si se pudieran ar-mar var-ios gru-pos que cum-plan con la re-
stricci^^Son planteada,
 []

LaTeX Font Info:    External font `cmex10' loaded for size
(Font)              <7> on input line 238.
LaTeX Font Info:    External font `cmex10' loaded for size
(Font)              <5> on input line 238.
[11] [12] [13] [14] (./Informe.aux) ) 
Here is how much of TeX's memory you used:
 947 strings out of 94827
 11950 string characters out of 1178930
 60951 words of memory out of 1500000
 4170 multiletter control sequences out of 10000+50000
 8103 words of font info for 29 fonts, out of 1200000 for 2000
 212 hyphenation exceptions out of 8191
 25i,8n,19p,978b,252s stack positions out of 5000i,500n,6000p,200000b,5000s
</usr/share/texmf-texlive/fonts/type1/blue
sky/cm/cmbx12.pfb></usr/share/texmf-texlive/fonts/type1/bluesky/cm/cmex10.pfb><
/usr/share/texmf-texlive/fonts/type1/bluesky/cm/cmmi12.pfb></usr/share/texmf-te
xlive/fonts/type1/bluesky/cm/cmmi8.pfb></usr/share/texmf-texlive/fonts/type1/bl
uesky/cm/cmr10.pfb></usr/share/texmf-texlive/fonts/type1/bluesky/cm/cmr12.pfb><
/usr/share/texmf-texlive/fonts/type1/bluesky/cm/cmr6.pfb></usr/share/texmf-texl
ive/fonts/type1/bluesky/cm/cmr7.pfb></usr/share/texmf-texlive/fonts/type1/blues
ky/cm/cmr8.pfb></usr/share/texmf-texlive/fonts/type1/bluesky/cm/cmsy10.pfb></us
r/share/texmf-texlive/fonts/type1/bluesky/cm/cmsy8.pfb></usr/share/texmf-texliv
e/fonts/type1/bluesky/cm/cmti12.pfb></usr/share/texmf-texlive/fonts/type1/blues
ky/cm/cmtt12.pfb>
Output written on Informe.pdf (14 pages, 154531 bytes).
PDF statistics:
 103 PDF objects out of 1000 (max. 8388607)
 0 named destinations out of 1000 (max. 131072)
 11 words of extra memory for PDF output out of 10000 (max. 10000000)

