\BOOKMARK [1][-]{section.1}{Introducci\363n}{}
\BOOKMARK [1][-]{section.2}{Product Backlog}{}
\BOOKMARK [1][-]{section.3}{Sprint Backlog}{}
\BOOKMARK [1][-]{section.4}{Product Increment}{}
\BOOKMARK [1][-]{section.5}{Burndown Charts}{}
\BOOKMARK [1][-]{section.6}{Dise\361o Orientado a Objetos}{}
\BOOKMARK [2][-]{subsection.6.1}{Logging}{section.6}
\BOOKMARK [3][-]{subsubsection.6.1.1}{interfazLogueador}{subsection.6.1}
\BOOKMARK [3][-]{subsubsection.6.1.2}{Logueador}{subsection.6.1}
\BOOKMARK [3][-]{subsubsection.6.1.3}{elecci\363n}{subsection.6.1}
\BOOKMARK [2][-]{subsection.6.2}{Postulaci\363n a candidato}{section.6}
\BOOKMARK [3][-]{subsubsection.6.2.1}{candidateador}{subsection.6.2}
\BOOKMARK [3][-]{subsubsection.6.2.2}{interfazParaPostulaci\363n}{subsection.6.2}
\BOOKMARK [3][-]{subsubsection.6.2.3}{Chequeador de Restricciones}{subsection.6.2}
\BOOKMARK [2][-]{subsection.6.3}{Votaci\363n}{section.6}
\BOOKMARK [3][-]{subsubsection.6.3.1}{Usuario}{subsection.6.3}
\BOOKMARK [3][-]{subsubsection.6.3.2}{urnaElectoral}{subsection.6.3}
\BOOKMARK [3][-]{subsubsection.6.3.3}{interfazParaVotaci\363n}{subsection.6.3}
\BOOKMARK [2][-]{subsection.6.4}{Clausura del acto electoral}{section.6}
\BOOKMARK [3][-]{subsubsection.6.4.1}{ResultadoEleccion}{subsection.6.4}
\BOOKMARK [3][-]{subsubsection.6.4.2}{ResultadoCompleto}{subsection.6.4}
\BOOKMARK [3][-]{subsubsection.6.4.3}{ResultadoConflictivo}{subsection.6.4}
\BOOKMARK [3][-]{subsubsection.6.4.4}{EleccionConflictivaException}{subsection.6.4}
\BOOKMARK [1][-]{section.7}{Conclusiones}{}
\BOOKMARK [2][-]{subsection.7.1}{SCRUM}{section.7}
\BOOKMARK [2][-]{subsection.7.2}{Dise\361o orientado a objetos}{section.7}
\BOOKMARK [2][-]{subsection.7.3}{Diagramas UML}{section.7}
